2026-04-12 12:00:00.525784: I tensorflow/core/util/port.cc:153] oneDNN custom operations are on. You may see slightly different numerical results due to floating-point round-off errors from different computation orders. To turn them off, set the environment variable `TF_ENABLE_ONEDNN_OPTS=0`.
2026-04-12 12:00:00.569556: I tensorflow/core/platform/cpu_feature_guard.cc:210] This TensorFlow binary is optimized to use available CPU instructions in performance-critical operations.
To enable the following instructions: SSE4.1 SSE4.2 AVX AVX2 AVX512F AVX512_VNNI AVX512_BF16 FMA, in other operations, rebuild TensorFlow with the appropriate compiler flags.
WARNING: All log messages before absl::InitializeLog() is called are written to STDERR
I0000 00:00:1775988051.793521  501299 gpu_device.cc:2020] Created device /job:localhost/replica:0/task:0/device:GPU:0 with 43695 MB memory:  -> device: 0, name: NVIDIA A40, pci bus id: 0000:02:00.0, compute capability: 8.6
2026-04-12 12:58:49.296849: I tensorflow/core/framework/local_rendezvous.cc:407] Local rendezvous is aborting with status: OUT_OF_RANGE: End of sequence
2026-04-12 12:58:50.003888: E tensorflow/core/util/util.cc:131] oneDNN supports DT_HALF only on platforms with AVX-512. Falling back to the default Eigen-based implementation if present.
2026-04-12 12:59:11.015539: I tensorflow/core/kernels/data/shuffle_dataset_op.cc:453] ShuffleDatasetV3:16: Filling up shuffle buffer (this may take a while): 85 of 500
2026-04-12 12:59:21.039873: I tensorflow/core/kernels/data/shuffle_dataset_op.cc:453] ShuffleDatasetV3:16: Filling up shuffle buffer (this may take a while): 155 of 500
2026-04-12 12:59:37.747398: I tensorflow/core/kernels/data/shuffle_dataset_op.cc:453] ShuffleDatasetV3:16: Filling up shuffle buffer (this may take a while): 239 of 500
2026-04-12 12:59:51.046414: I tensorflow/core/kernels/data/shuffle_dataset_op.cc:453] ShuffleDatasetV3:16: Filling up shuffle buffer (this may take a while): 316 of 500
2026-04-12 13:00:01.047404: I tensorflow/core/kernels/data/shuffle_dataset_op.cc:453] ShuffleDatasetV3:16: Filling up shuffle buffer (this may take a while): 382 of 500
2026-04-12 13:00:11.214498: I tensorflow/core/kernels/data/shuffle_dataset_op.cc:453] ShuffleDatasetV3:16: Filling up shuffle buffer (this may take a while): 437 of 500
2026-04-12 13:00:51.565138: I tensorflow/core/kernels/data/shuffle_dataset_op.cc:453] ShuffleDatasetV3:16: Filling up shuffle buffer (this may take a while): 491 of 500
2026-04-12 13:00:54.392545: I tensorflow/core/kernels/data/shuffle_dataset_op.cc:483] Shuffle buffer filled.
2026-04-12 13:00:55.030015: I external/local_xla/xla/service/service.cc:163] XLA service 0x779dd4008140 initialized for platform CUDA (this does not guarantee that XLA will be used). Devices:
2026-04-12 13:00:55.195054: I external/local_xla/xla/service/service.cc:171]   StreamExecutor device (0): NVIDIA A40, Compute Capability 8.6
2026-04-12 13:00:58.041031: I external/local_xla/xla/stream_executor/cuda/cuda_dnn.cc:473] Loaded cuDNN version 91700
I0000 00:00:1775991689.710916  502192 device_compiler.h:196] Compiled cluster using XLA!  This line is logged at most once for the lifetime of the process.
2026-04-12 13:01:35.022668: W tensorflow/core/kernels/data/prefetch_autotuner.cc:55] Prefetch autotuner tried to allocate 34560768 bytes after encountering the first element of size 34560768 bytes.This already causes the autotune ram budget to be exceeded. To stay within the ram budget, either increase the ram budget or reduce element size
2026-04-12 13:01:36.679043: I tensorflow/compiler/mlir/tensorflow/utils/dump_mlir_util.cc:269] disabling MLIR crash reproducer, set env var `MLIR_CRASH_REPRODUCER_DIRECTORY` to enable.
2026-04-12 13:01:44.842450: I external/local_xla/xla/service/gpu/autotuning/dot_search_space.cc:208] All configs were filtered out because none of them sufficiently match the hints. Maybe the hints set does not contain a good representative set of valid configs? Working around this by using the full hints set instead.
2026-04-12 17:04:16.413238: W tensorflow/core/kernels/data/cache_dataset_ops.cc:333] The calling iterator did not fully read the dataset being cached. In order to avoid unexpected truncation of the dataset, the partially cached contents of the dataset  will be discarded. This can happen if you have an input pipeline similar to `dataset.cache().take(k).repeat()`. You should use `dataset.take(k).cache().repeat()` instead.
2026-04-12 17:31:38.300804: W tensorflow/core/kernels/data/cache_dataset_ops.cc:333] The calling iterator did not fully read the dataset being cached. In order to avoid unexpected truncation of the dataset, the partially cached contents of the dataset  will be discarded. This can happen if you have an input pipeline similar to `dataset.cache().take(k).repeat()`. You should use `dataset.take(k).cache().repeat()` instead.
2026-04-12 17:32:53.873081: I tensorflow/core/kernels/data/shuffle_dataset_op.cc:453] ShuffleDatasetV3:16: Filling up shuffle buffer (this may take a while): 1 of 500
2026-04-12 17:33:09.662826: I tensorflow/core/kernels/data/shuffle_dataset_op.cc:453] ShuffleDatasetV3:16: Filling up shuffle buffer (this may take a while): 94 of 500
2026-04-12 17:33:19.712278: I tensorflow/core/kernels/data/shuffle_dataset_op.cc:453] ShuffleDatasetV3:16: Filling up shuffle buffer (this may take a while): 152 of 500
2026-04-12 17:33:39.779259: I tensorflow/core/kernels/data/shuffle_dataset_op.cc:453] ShuffleDatasetV3:16: Filling up shuffle buffer (this may take a while): 265 of 500
2026-04-12 17:33:59.779909: I tensorflow/core/kernels/data/shuffle_dataset_op.cc:453] ShuffleDatasetV3:16: Filling up shuffle buffer (this may take a while): 383 of 500
2026-04-12 17:34:19.832370: I tensorflow/core/kernels/data/shuffle_dataset_op.cc:453] ShuffleDatasetV3:16: Filling up shuffle buffer (this may take a while): 492 of 500
2026-04-12 17:34:20.981116: I tensorflow/core/kernels/data/shuffle_dataset_op.cc:483] Shuffle buffer filled.
2026-04-12 20:04:16.599167: I tensorflow/core/kernels/data/shuffle_dataset_op.cc:453] ShuffleDatasetV3:16: Filling up shuffle buffer (this may take a while): 61 of 500
2026-04-12 20:04:36.247675: I tensorflow/core/kernels/data/shuffle_dataset_op.cc:453] ShuffleDatasetV3:16: Filling up shuffle buffer (this may take a while): 182 of 500
2026-04-12 20:04:46.376349: I tensorflow/core/kernels/data/shuffle_dataset_op.cc:453] ShuffleDatasetV3:16: Filling up shuffle buffer (this may take a while): 246 of 500
2026-04-12 20:05:06.476101: I tensorflow/core/kernels/data/shuffle_dataset_op.cc:453] ShuffleDatasetV3:16: Filling up shuffle buffer (this may take a while): 354 of 500
2026-04-12 20:05:26.250706: I tensorflow/core/kernels/data/shuffle_dataset_op.cc:453] ShuffleDatasetV3:16: Filling up shuffle buffer (this may take a while): 442 of 500
2026-04-12 20:05:35.825427: I tensorflow/core/kernels/data/shuffle_dataset_op.cc:483] Shuffle buffer filled.
2026-04-13 01:24:12.346635: I tensorflow/core/kernels/data/shuffle_dataset_op.cc:453] ShuffleDatasetV3:16: Filling up shuffle buffer (this may take a while): 55 of 500
2026-04-13 01:24:32.230959: I tensorflow/core/kernels/data/shuffle_dataset_op.cc:453] ShuffleDatasetV3:16: Filling up shuffle buffer (this may take a while): 170 of 500
2026-04-13 01:24:42.241196: I tensorflow/core/kernels/data/shuffle_dataset_op.cc:453] ShuffleDatasetV3:16: Filling up shuffle buffer (this may take a while): 225 of 500
2026-04-13 01:25:02.306758: I tensorflow/core/kernels/data/shuffle_dataset_op.cc:453] ShuffleDatasetV3:16: Filling up shuffle buffer (this may take a while): 342 of 500
2026-04-13 01:25:22.331671: I tensorflow/core/kernels/data/shuffle_dataset_op.cc:453] ShuffleDatasetV3:16: Filling up shuffle buffer (this may take a while): 452 of 500
2026-04-13 01:25:30.185630: I tensorflow/core/kernels/data/shuffle_dataset_op.cc:483] Shuffle buffer filled.
2026-04-13 04:07:42.665626: I tensorflow/core/kernels/data/shuffle_dataset_op.cc:453] ShuffleDatasetV3:16: Filling up shuffle buffer (this may take a while): 63 of 500
2026-04-13 04:08:02.555332: I tensorflow/core/kernels/data/shuffle_dataset_op.cc:453] ShuffleDatasetV3:16: Filling up shuffle buffer (this may take a while): 177 of 500
2026-04-13 04:08:12.637709: I tensorflow/core/kernels/data/shuffle_dataset_op.cc:453] ShuffleDatasetV3:16: Filling up shuffle buffer (this may take a while): 231 of 500
2026-04-13 04:08:22.656027: I tensorflow/core/kernels/data/shuffle_dataset_op.cc:453] ShuffleDatasetV3:16: Filling up shuffle buffer (this may take a while): 292 of 500
2026-04-13 04:08:42.588662: I tensorflow/core/kernels/data/shuffle_dataset_op.cc:453] ShuffleDatasetV3:16: Filling up shuffle buffer (this may take a while): 420 of 500
2026-04-13 04:08:52.795529: I tensorflow/core/kernels/data/shuffle_dataset_op.cc:453] ShuffleDatasetV3:16: Filling up shuffle buffer (this may take a while): 480 of 500
2026-04-13 04:08:55.923234: I tensorflow/core/kernels/data/shuffle_dataset_op.cc:483] Shuffle buffer filled.
2026-04-13 06:38:25.121953: I tensorflow/core/kernels/data/shuffle_dataset_op.cc:453] ShuffleDatasetV3:16: Filling up shuffle buffer (this may take a while): 59 of 500
2026-04-13 06:38:45.190064: I tensorflow/core/kernels/data/shuffle_dataset_op.cc:453] ShuffleDatasetV3:16: Filling up shuffle buffer (this may take a while): 182 of 500
2026-04-13 06:39:05.068636: I tensorflow/core/kernels/data/shuffle_dataset_op.cc:453] ShuffleDatasetV3:16: Filling up shuffle buffer (this may take a while): 301 of 500
2026-04-13 06:39:25.046008: I tensorflow/core/kernels/data/shuffle_dataset_op.cc:453] ShuffleDatasetV3:16: Filling up shuffle buffer (this may take a while): 422 of 500
2026-04-13 06:39:35.054910: I tensorflow/core/kernels/data/shuffle_dataset_op.cc:453] ShuffleDatasetV3:16: Filling up shuffle buffer (this may take a while): 484 of 500
2026-04-13 06:39:37.395034: I tensorflow/core/kernels/data/shuffle_dataset_op.cc:483] Shuffle buffer filled.
2026-04-13 09:09:29.949469: I tensorflow/core/kernels/data/shuffle_dataset_op.cc:453] ShuffleDatasetV3:16: Filling up shuffle buffer (this may take a while): 62 of 500
2026-04-13 09:09:49.881040: I tensorflow/core/kernels/data/shuffle_dataset_op.cc:453] ShuffleDatasetV3:16: Filling up shuffle buffer (this may take a while): 180 of 500
2026-04-13 09:09:59.989721: I tensorflow/core/kernels/data/shuffle_dataset_op.cc:453] ShuffleDatasetV3:16: Filling up shuffle buffer (this may take a while): 240 of 500
2026-04-13 09:10:19.955870: I tensorflow/core/kernels/data/shuffle_dataset_op.cc:453] ShuffleDatasetV3:16: Filling up shuffle buffer (this may take a while): 340 of 500
2026-04-13 09:10:39.780485: I tensorflow/core/kernels/data/shuffle_dataset_op.cc:453] ShuffleDatasetV3:16: Filling up shuffle buffer (this may take a while): 467 of 500
2026-04-13 09:10:47.658965: I tensorflow/core/kernels/data/shuffle_dataset_op.cc:483] Shuffle buffer filled.
2026-04-13 11:40:13.898380: I tensorflow/core/kernels/data/shuffle_dataset_op.cc:453] ShuffleDatasetV3:16: Filling up shuffle buffer (this may take a while): 60 of 500
2026-04-13 11:40:24.014017: I tensorflow/core/kernels/data/shuffle_dataset_op.cc:453] ShuffleDatasetV3:16: Filling up shuffle buffer (this may take a while): 113 of 500
2026-04-13 11:40:43.929881: I tensorflow/core/kernels/data/shuffle_dataset_op.cc:453] ShuffleDatasetV3:16: Filling up shuffle buffer (this may take a while): 233 of 500
2026-04-13 11:41:03.921251: I tensorflow/core/kernels/data/shuffle_dataset_op.cc:453] ShuffleDatasetV3:16: Filling up shuffle buffer (this may take a while): 352 of 500
2026-04-13 11:41:13.944161: I tensorflow/core/kernels/data/shuffle_dataset_op.cc:453] ShuffleDatasetV3:16: Filling up shuffle buffer (this may take a while): 408 of 500
2026-04-13 11:41:23.976361: I tensorflow/core/kernels/data/shuffle_dataset_op.cc:453] ShuffleDatasetV3:16: Filling up shuffle buffer (this may take a while): 468 of 500
2026-04-13 11:41:28.863872: I tensorflow/core/kernels/data/shuffle_dataset_op.cc:483] Shuffle buffer filled.
2026-04-13 14:56:01.777795: I tensorflow/core/kernels/data/shuffle_dataset_op.cc:453] ShuffleDatasetV3:16: Filling up shuffle buffer (this may take a while): 53 of 500
2026-04-13 14:56:11.879212: I tensorflow/core/kernels/data/shuffle_dataset_op.cc:453] ShuffleDatasetV3:16: Filling up shuffle buffer (this may take a while): 108 of 500
2026-04-13 14:56:31.829924: I tensorflow/core/kernels/data/shuffle_dataset_op.cc:453] ShuffleDatasetV3:16: Filling up shuffle buffer (this may take a while): 226 of 500
2026-04-13 14:56:51.877573: I tensorflow/core/kernels/data/shuffle_dataset_op.cc:453] ShuffleDatasetV3:16: Filling up shuffle buffer (this may take a while): 341 of 500
2026-04-13 14:57:11.823363: I tensorflow/core/kernels/data/shuffle_dataset_op.cc:453] ShuffleDatasetV3:16: Filling up shuffle buffer (this may take a while): 455 of 500
2026-04-13 14:57:19.998357: I tensorflow/core/kernels/data/shuffle_dataset_op.cc:483] Shuffle buffer filled.
2026-04-13 17:32:05.891700: I tensorflow/core/kernels/data/shuffle_dataset_op.cc:453] ShuffleDatasetV3:16: Filling up shuffle buffer (this may take a while): 40 of 500
2026-04-13 17:32:25.771147: I tensorflow/core/kernels/data/shuffle_dataset_op.cc:453] ShuffleDatasetV3:16: Filling up shuffle buffer (this may take a while): 115 of 500
2026-04-13 17:32:35.790876: I tensorflow/core/kernels/data/shuffle_dataset_op.cc:453] ShuffleDatasetV3:16: Filling up shuffle buffer (this may take a while): 150 of 500
2026-04-13 17:32:55.961185: I tensorflow/core/kernels/data/shuffle_dataset_op.cc:453] ShuffleDatasetV3:16: Filling up shuffle buffer (this may take a while): 237 of 500
2026-04-13 17:33:15.860208: I tensorflow/core/kernels/data/shuffle_dataset_op.cc:453] ShuffleDatasetV3:16: Filling up shuffle buffer (this may take a while): 322 of 500
2026-04-13 17:33:35.851228: I tensorflow/core/kernels/data/shuffle_dataset_op.cc:453] ShuffleDatasetV3:16: Filling up shuffle buffer (this may take a while): 416 of 500
2026-04-13 17:33:54.567789: I tensorflow/core/kernels/data/shuffle_dataset_op.cc:483] Shuffle buffer filled.
2026-04-13 20:07:41.984090: I tensorflow/core/kernels/data/shuffle_dataset_op.cc:453] ShuffleDatasetV3:16: Filling up shuffle buffer (this may take a while): 60 of 500
2026-04-13 20:07:52.004163: I tensorflow/core/kernels/data/shuffle_dataset_op.cc:453] ShuffleDatasetV3:16: Filling up shuffle buffer (this may take a while): 120 of 500
2026-04-13 20:08:12.204836: I tensorflow/core/kernels/data/shuffle_dataset_op.cc:453] ShuffleDatasetV3:16: Filling up shuffle buffer (this may take a while): 244 of 500
2026-04-13 20:08:32.045060: I tensorflow/core/kernels/data/shuffle_dataset_op.cc:453] ShuffleDatasetV3:16: Filling up shuffle buffer (this may take a while): 366 of 500
2026-04-13 20:08:42.285634: I tensorflow/core/kernels/data/shuffle_dataset_op.cc:453] ShuffleDatasetV3:16: Filling up shuffle buffer (this may take a while): 423 of 500
2026-04-13 20:08:54.882619: I tensorflow/core/kernels/data/shuffle_dataset_op.cc:483] Shuffle buffer filled.
2026-04-13 22:42:09.841527: I tensorflow/core/kernels/data/shuffle_dataset_op.cc:453] ShuffleDatasetV3:16: Filling up shuffle buffer (this may take a while): 60 of 500
2026-04-13 22:42:29.665125: I tensorflow/core/kernels/data/shuffle_dataset_op.cc:453] ShuffleDatasetV3:16: Filling up shuffle buffer (this may take a while): 180 of 500
2026-04-13 22:42:39.717643: I tensorflow/core/kernels/data/shuffle_dataset_op.cc:453] ShuffleDatasetV3:16: Filling up shuffle buffer (this may take a while): 235 of 500
2026-04-13 22:42:59.885711: I tensorflow/core/kernels/data/shuffle_dataset_op.cc:453] ShuffleDatasetV3:16: Filling up shuffle buffer (this may take a while): 355 of 500
2026-04-13 22:43:19.751775: I tensorflow/core/kernels/data/shuffle_dataset_op.cc:453] ShuffleDatasetV3:16: Filling up shuffle buffer (this may take a while): 462 of 500
2026-04-13 22:43:25.300145: I tensorflow/core/kernels/data/shuffle_dataset_op.cc:483] Shuffle buffer filled.
2026-04-14 14:30:45.626088: I tensorflow/core/kernels/data/shuffle_dataset_op.cc:453] ShuffleDatasetV3:16: Filling up shuffle buffer (this may take a while): 44 of 500
2026-04-14 14:31:05.535439: I tensorflow/core/kernels/data/shuffle_dataset_op.cc:453] ShuffleDatasetV3:16: Filling up shuffle buffer (this may take a while): 126 of 500
2026-04-14 14:31:15.593027: I tensorflow/core/kernels/data/shuffle_dataset_op.cc:453] ShuffleDatasetV3:16: Filling up shuffle buffer (this may take a while): 172 of 500
2026-04-14 14:31:35.476335: I tensorflow/core/kernels/data/shuffle_dataset_op.cc:453] ShuffleDatasetV3:16: Filling up shuffle buffer (this may take a while): 254 of 500
2026-04-14 14:31:45.607057: I tensorflow/core/kernels/data/shuffle_dataset_op.cc:453] ShuffleDatasetV3:16: Filling up shuffle buffer (this may take a while): 295 of 500
2026-04-14 14:32:05.628749: I tensorflow/core/kernels/data/shuffle_dataset_op.cc:453] ShuffleDatasetV3:16: Filling up shuffle buffer (this may take a while): 373 of 500
2026-04-14 14:32:25.683604: I tensorflow/core/kernels/data/shuffle_dataset_op.cc:453] ShuffleDatasetV3:16: Filling up shuffle buffer (this may take a while): 457 of 500
2026-04-14 14:32:35.524485: I tensorflow/core/kernels/data/shuffle_dataset_op.cc:483] Shuffle buffer filled.
2026-04-14 17:14:40.215135: I tensorflow/core/kernels/data/shuffle_dataset_op.cc:453] ShuffleDatasetV3:16: Filling up shuffle buffer (this may take a while): 47 of 500
2026-04-14 17:14:50.317925: I tensorflow/core/kernels/data/shuffle_dataset_op.cc:453] ShuffleDatasetV3:16: Filling up shuffle buffer (this may take a while): 93 of 500
2026-04-14 17:15:00.583109: I tensorflow/core/kernels/data/shuffle_dataset_op.cc:453] ShuffleDatasetV3:16: Filling up shuffle buffer (this may take a while): 141 of 500
2026-04-14 17:15:20.251634: I tensorflow/core/kernels/data/shuffle_dataset_op.cc:453] ShuffleDatasetV3:16: Filling up shuffle buffer (this may take a while): 231 of 500
2026-04-14 17:15:30.371833: I tensorflow/core/kernels/data/shuffle_dataset_op.cc:453] ShuffleDatasetV3:16: Filling up shuffle buffer (this may take a while): 273 of 500
2026-04-14 17:15:50.220203: I tensorflow/core/kernels/data/shuffle_dataset_op.cc:453] ShuffleDatasetV3:16: Filling up shuffle buffer (this may take a while): 366 of 500
2026-04-14 17:16:00.339298: I tensorflow/core/kernels/data/shuffle_dataset_op.cc:453] ShuffleDatasetV3:16: Filling up shuffle buffer (this may take a while): 417 of 500
2026-04-14 17:16:17.666533: I tensorflow/core/kernels/data/shuffle_dataset_op.cc:483] Shuffle buffer filled.
2026-04-14 19:51:51.580861: I tensorflow/core/kernels/data/shuffle_dataset_op.cc:453] ShuffleDatasetV3:16: Filling up shuffle buffer (this may take a while): 44 of 500
2026-04-14 19:52:11.462490: I tensorflow/core/kernels/data/shuffle_dataset_op.cc:453] ShuffleDatasetV3:16: Filling up shuffle buffer (this may take a while): 130 of 500
2026-04-14 19:52:21.550361: I tensorflow/core/kernels/data/shuffle_dataset_op.cc:453] ShuffleDatasetV3:16: Filling up shuffle buffer (this may take a while): 170 of 500
2026-04-14 19:52:41.538058: I tensorflow/core/kernels/data/shuffle_dataset_op.cc:453] ShuffleDatasetV3:16: Filling up shuffle buffer (this may take a while): 257 of 500
2026-04-14 19:53:01.528752: I tensorflow/core/kernels/data/shuffle_dataset_op.cc:453] ShuffleDatasetV3:16: Filling up shuffle buffer (this may take a while): 347 of 500
2026-04-14 19:53:11.570162: I tensorflow/core/kernels/data/shuffle_dataset_op.cc:453] ShuffleDatasetV3:16: Filling up shuffle buffer (this may take a while): 400 of 500
2026-04-14 19:53:31.575404: I tensorflow/core/kernels/data/shuffle_dataset_op.cc:453] ShuffleDatasetV3:16: Filling up shuffle buffer (this may take a while): 497 of 500
2026-04-14 19:53:32.373070: I tensorflow/core/kernels/data/shuffle_dataset_op.cc:483] Shuffle buffer filled.
2026-04-14 22:26:54.880318: I tensorflow/core/kernels/data/shuffle_dataset_op.cc:453] ShuffleDatasetV3:16: Filling up shuffle buffer (this may take a while): 62 of 500
2026-04-14 22:27:14.840979: I tensorflow/core/kernels/data/shuffle_dataset_op.cc:453] ShuffleDatasetV3:16: Filling up shuffle buffer (this may take a while): 170 of 500
2026-04-14 22:27:24.845845: I tensorflow/core/kernels/data/shuffle_dataset_op.cc:453] ShuffleDatasetV3:16: Filling up shuffle buffer (this may take a while): 231 of 500
2026-04-14 22:27:34.925296: I tensorflow/core/kernels/data/shuffle_dataset_op.cc:453] ShuffleDatasetV3:16: Filling up shuffle buffer (this may take a while): 290 of 500
2026-04-14 22:27:54.929324: I tensorflow/core/kernels/data/shuffle_dataset_op.cc:453] ShuffleDatasetV3:16: Filling up shuffle buffer (this may take a while): 406 of 500
2026-04-14 22:28:11.619141: I tensorflow/core/kernels/data/shuffle_dataset_op.cc:483] Shuffle buffer filled.
2026-04-15 01:05:43.903518: I tensorflow/core/kernels/data/shuffle_dataset_op.cc:453] ShuffleDatasetV3:16: Filling up shuffle buffer (this may take a while): 60 of 500
2026-04-15 01:06:03.777902: I tensorflow/core/kernels/data/shuffle_dataset_op.cc:453] ShuffleDatasetV3:16: Filling up shuffle buffer (this may take a while): 170 of 500
2026-04-15 01:06:13.832631: I tensorflow/core/kernels/data/shuffle_dataset_op.cc:453] ShuffleDatasetV3:16: Filling up shuffle buffer (this may take a while): 227 of 500
2026-04-15 01:06:23.906812: I tensorflow/core/kernels/data/shuffle_dataset_op.cc:453] ShuffleDatasetV3:16: Filling up shuffle buffer (this may take a while): 286 of 500
2026-04-15 01:06:43.906336: I tensorflow/core/kernels/data/shuffle_dataset_op.cc:453] ShuffleDatasetV3:16: Filling up shuffle buffer (this may take a while): 392 of 500
2026-04-15 01:07:02.782531: I tensorflow/core/kernels/data/shuffle_dataset_op.cc:483] Shuffle buffer filled.
2026-04-15 03:47:57.024899: I tensorflow/core/kernels/data/shuffle_dataset_op.cc:453] ShuffleDatasetV3:16: Filling up shuffle buffer (this may take a while): 61 of 500
2026-04-15 03:48:17.012884: I tensorflow/core/kernels/data/shuffle_dataset_op.cc:453] ShuffleDatasetV3:16: Filling up shuffle buffer (this may take a while): 169 of 500
2026-04-15 03:48:37.024433: I tensorflow/core/kernels/data/shuffle_dataset_op.cc:453] ShuffleDatasetV3:16: Filling up shuffle buffer (this may take a while): 282 of 500
2026-04-15 03:48:56.972443: I tensorflow/core/kernels/data/shuffle_dataset_op.cc:453] ShuffleDatasetV3:16: Filling up shuffle buffer (this may take a while): 393 of 500
2026-04-15 03:49:07.174468: I tensorflow/core/kernels/data/shuffle_dataset_op.cc:453] ShuffleDatasetV3:16: Filling up shuffle buffer (this may take a while): 442 of 500
2026-04-15 03:49:18.831499: I tensorflow/core/kernels/data/shuffle_dataset_op.cc:483] Shuffle buffer filled.
2026-04-15 06:28:38.742005: I tensorflow/core/kernels/data/shuffle_dataset_op.cc:453] ShuffleDatasetV3:16: Filling up shuffle buffer (this may take a while): 63 of 500
2026-04-15 06:28:58.730780: I tensorflow/core/kernels/data/shuffle_dataset_op.cc:453] ShuffleDatasetV3:16: Filling up shuffle buffer (this may take a while): 187 of 500
2026-04-15 06:29:18.729513: I tensorflow/core/kernels/data/shuffle_dataset_op.cc:453] ShuffleDatasetV3:16: Filling up shuffle buffer (this may take a while): 308 of 500
2026-04-15 06:29:38.643472: I tensorflow/core/kernels/data/shuffle_dataset_op.cc:453] ShuffleDatasetV3:16: Filling up shuffle buffer (this may take a while): 431 of 500
2026-04-15 06:29:49.893259: I tensorflow/core/kernels/data/shuffle_dataset_op.cc:483] Shuffle buffer filled.
2026-04-15 09:09:40.930165: I tensorflow/core/kernels/data/shuffle_dataset_op.cc:453] ShuffleDatasetV3:16: Filling up shuffle buffer (this may take a while): 61 of 500
2026-04-15 09:10:01.021109: I tensorflow/core/kernels/data/shuffle_dataset_op.cc:453] ShuffleDatasetV3:16: Filling up shuffle buffer (this may take a while): 179 of 500
2026-04-15 09:10:20.948220: I tensorflow/core/kernels/data/shuffle_dataset_op.cc:453] ShuffleDatasetV3:16: Filling up shuffle buffer (this may take a while): 284 of 500
2026-04-15 09:10:31.280136: I tensorflow/core/kernels/data/shuffle_dataset_op.cc:453] ShuffleDatasetV3:16: Filling up shuffle buffer (this may take a while): 342 of 500
2026-04-15 09:10:50.968093: I tensorflow/core/kernels/data/shuffle_dataset_op.cc:453] ShuffleDatasetV3:16: Filling up shuffle buffer (this may take a while): 462 of 500
2026-04-15 09:10:56.684599: I tensorflow/core/kernels/data/shuffle_dataset_op.cc:483] Shuffle buffer filled.
2026-04-15 11:51:04.640154: I tensorflow/core/kernels/data/shuffle_dataset_op.cc:453] ShuffleDatasetV3:16: Filling up shuffle buffer (this may take a while): 49 of 500
2026-04-15 11:51:24.644300: I tensorflow/core/kernels/data/shuffle_dataset_op.cc:453] ShuffleDatasetV3:16: Filling up shuffle buffer (this may take a while): 156 of 500
2026-04-15 11:51:44.594057: I tensorflow/core/kernels/data/shuffle_dataset_op.cc:453] ShuffleDatasetV3:16: Filling up shuffle buffer (this may take a while): 275 of 500
2026-04-15 11:52:04.765951: I tensorflow/core/kernels/data/shuffle_dataset_op.cc:453] ShuffleDatasetV3:16: Filling up shuffle buffer (this may take a while): 382 of 500
2026-04-15 11:52:24.625301: I tensorflow/core/kernels/data/shuffle_dataset_op.cc:453] ShuffleDatasetV3:16: Filling up shuffle buffer (this may take a while): 486 of 500
2026-04-15 11:52:26.553226: I tensorflow/core/kernels/data/shuffle_dataset_op.cc:483] Shuffle buffer filled.
2026-04-15 14:31:54.692228: I tensorflow/core/kernels/data/shuffle_dataset_op.cc:453] ShuffleDatasetV3:16: Filling up shuffle buffer (this may take a while): 60 of 500
2026-04-15 14:32:14.703360: I tensorflow/core/kernels/data/shuffle_dataset_op.cc:453] ShuffleDatasetV3:16: Filling up shuffle buffer (this may take a while): 168 of 500
2026-04-15 14:32:24.721875: I tensorflow/core/kernels/data/shuffle_dataset_op.cc:453] ShuffleDatasetV3:16: Filling up shuffle buffer (this may take a while): 226 of 500
2026-04-15 14:32:34.771414: I tensorflow/core/kernels/data/shuffle_dataset_op.cc:453] ShuffleDatasetV3:16: Filling up shuffle buffer (this may take a while): 289 of 500
2026-04-15 14:32:54.648901: I tensorflow/core/kernels/data/shuffle_dataset_op.cc:453] ShuffleDatasetV3:16: Filling up shuffle buffer (this may take a while): 413 of 500
2026-04-15 14:33:04.785299: I tensorflow/core/kernels/data/shuffle_dataset_op.cc:453] ShuffleDatasetV3:16: Filling up shuffle buffer (this may take a while): 471 of 500
2026-04-15 14:33:09.296633: I tensorflow/core/kernels/data/shuffle_dataset_op.cc:483] Shuffle buffer filled.
2026-04-15 17:13:12.664796: I tensorflow/core/kernels/data/shuffle_dataset_op.cc:453] ShuffleDatasetV3:16: Filling up shuffle buffer (this may take a while): 59 of 500
2026-04-15 17:13:32.431218: I tensorflow/core/kernels/data/shuffle_dataset_op.cc:453] ShuffleDatasetV3:16: Filling up shuffle buffer (this may take a while): 168 of 500
2026-04-15 17:13:52.476506: I tensorflow/core/kernels/data/shuffle_dataset_op.cc:453] ShuffleDatasetV3:16: Filling up shuffle buffer (this may take a while): 276 of 500
2026-04-15 17:14:02.664208: I tensorflow/core/kernels/data/shuffle_dataset_op.cc:453] ShuffleDatasetV3:16: Filling up shuffle buffer (this may take a while): 332 of 500
2026-04-15 17:14:22.273057: I tensorflow/core/kernels/data/shuffle_dataset_op.cc:453] ShuffleDatasetV3:16: Filling up shuffle buffer (this may take a while): 438 of 500
2026-04-15 17:14:32.618677: I tensorflow/core/kernels/data/shuffle_dataset_op.cc:453] ShuffleDatasetV3:16: Filling up shuffle buffer (this may take a while): 492 of 500
2026-04-15 17:14:33.910878: I tensorflow/core/kernels/data/shuffle_dataset_op.cc:483] Shuffle buffer filled.
2026-04-15 19:50:34.533936: I tensorflow/core/kernels/data/shuffle_dataset_op.cc:453] ShuffleDatasetV3:16: Filling up shuffle buffer (this may take a while): 51 of 500
2026-04-15 19:50:54.521068: I tensorflow/core/kernels/data/shuffle_dataset_op.cc:453] ShuffleDatasetV3:16: Filling up shuffle buffer (this may take a while): 175 of 500
2026-04-15 19:51:14.437446: I tensorflow/core/kernels/data/shuffle_dataset_op.cc:453] ShuffleDatasetV3:16: Filling up shuffle buffer (this may take a while): 296 of 500
2026-04-15 19:51:24.465128: I tensorflow/core/kernels/data/shuffle_dataset_op.cc:453] ShuffleDatasetV3:16: Filling up shuffle buffer (this may take a while): 354 of 500
2026-04-15 19:51:34.472801: I tensorflow/core/kernels/data/shuffle_dataset_op.cc:453] ShuffleDatasetV3:16: Filling up shuffle buffer (this may take a while): 411 of 500
2026-04-15 19:51:48.954004: I tensorflow/core/kernels/data/shuffle_dataset_op.cc:483] Shuffle buffer filled.
2026-04-15 22:26:03.345909: I tensorflow/core/kernels/data/shuffle_dataset_op.cc:453] ShuffleDatasetV3:16: Filling up shuffle buffer (this may take a while): 59 of 500
2026-04-15 22:26:23.140635: I tensorflow/core/kernels/data/shuffle_dataset_op.cc:453] ShuffleDatasetV3:16: Filling up shuffle buffer (this may take a while): 177 of 500
2026-04-15 22:26:33.286823: I tensorflow/core/kernels/data/shuffle_dataset_op.cc:453] ShuffleDatasetV3:16: Filling up shuffle buffer (this may take a while): 238 of 500
2026-04-15 22:26:53.086139: I tensorflow/core/kernels/data/shuffle_dataset_op.cc:453] ShuffleDatasetV3:16: Filling up shuffle buffer (this may take a while): 358 of 500
2026-04-15 22:27:03.099851: I tensorflow/core/kernels/data/shuffle_dataset_op.cc:453] ShuffleDatasetV3:16: Filling up shuffle buffer (this may take a while): 418 of 500
2026-04-15 22:27:13.182835: I tensorflow/core/kernels/data/shuffle_dataset_op.cc:453] ShuffleDatasetV3:16: Filling up shuffle buffer (this may take a while): 466 of 500
2026-04-15 22:27:19.693487: I tensorflow/core/kernels/data/shuffle_dataset_op.cc:483] Shuffle buffer filled.
Traceback (most recent call last):
  File "/home/jcabrera@caos.uc3m.es/tfg-jimena/EfficientNet_train_augmentation.py", line 306, in <module>
    guardar_historial(history_fase2, f"{nombre_archivo}_history_fase2")
    ~~~~~~~~~~~~~~~~~^^^^^^^^^^^^^^^^^^^^^^^^^^^^^^^^^^^^^^^^^^^^^^^^^^
  File "/home/jcabrera@caos.uc3m.es/tfg-jimena/Codigo_graficas/guardar_history.py", line 14, in guardar_historial
    ruta_json = os.path.join(ruta_output, "Entrenamiento", f"{nombre}.json")
                             ^^^^^^^^^^^
NameError: name 'ruta_output' is not defined
