2026-04-16 10:41:48.193214: I tensorflow/core/util/port.cc:153] oneDNN custom operations are on. You may see slightly different numerical results due to floating-point round-off errors from different computation orders. To turn them off, set the environment variable `TF_ENABLE_ONEDNN_OPTS=0`.
2026-04-16 10:41:48.206278: E external/local_xla/xla/stream_executor/cuda/cuda_fft.cc:467] Unable to register cuFFT factory: Attempting to register factory for plugin cuFFT when one has already been registered
WARNING: All log messages before absl::InitializeLog() is called are written to STDERR
E0000 00:00:1776328908.221548  532843 cuda_dnn.cc:8579] Unable to register cuDNN factory: Attempting to register factory for plugin cuDNN when one has already been registered
E0000 00:00:1776328908.226753  532843 cuda_blas.cc:1407] Unable to register cuBLAS factory: Attempting to register factory for plugin cuBLAS when one has already been registered
W0000 00:00:1776328908.240029  532843 computation_placer.cc:177] computation placer already registered. Please check linkage and avoid linking the same target more than once.
W0000 00:00:1776328908.240058  532843 computation_placer.cc:177] computation placer already registered. Please check linkage and avoid linking the same target more than once.
W0000 00:00:1776328908.240061  532843 computation_placer.cc:177] computation placer already registered. Please check linkage and avoid linking the same target more than once.
W0000 00:00:1776328908.240064  532843 computation_placer.cc:177] computation placer already registered. Please check linkage and avoid linking the same target more than once.
2026-04-16 10:41:48.244025: I tensorflow/core/platform/cpu_feature_guard.cc:210] This TensorFlow binary is optimized to use available CPU instructions in performance-critical operations.
To enable the following instructions: SSE4.1 SSE4.2 AVX AVX2 AVX512F AVX512_VNNI AVX512_BF16 FMA, in other operations, rebuild TensorFlow with the appropriate compiler flags.
I0000 00:00:1776328956.980173  532843 gpu_device.cc:2019] Created device /job:localhost/replica:0/task:0/device:GPU:0 with 43695 MB memory:  -> device: 0, name: NVIDIA A40, pci bus id: 0000:01:00.0, compute capability: 8.6
Traceback (most recent call last):
  File "/home/jcabrera@caos.uc3m.es/tfg-jimena/EfficientNet_train.py", line 91, in <module>
    base_model = EfficientNetB3(
                 ^^^^^^^^^^^^^^^
  File "/opt/anaconda3/lib/python3.12/site-packages/keras/src/applications/efficientnet.py", line 670, in EfficientNetB3
    return EfficientNet(
           ^^^^^^^^^^^^^
  File "/opt/anaconda3/lib/python3.12/site-packages/keras/src/applications/efficientnet.py", line 434, in EfficientNet
    model.load_weights(weights_path)
  File "/opt/anaconda3/lib/python3.12/site-packages/keras/src/utils/traceback_utils.py", line 122, in error_handler
    raise e.with_traceback(filtered_tb) from None
  File "/opt/anaconda3/lib/python3.12/site-packages/keras/src/legacy/saving/legacy_h5_format.py", line 447, in _set_weights
    raise ValueError(
ValueError: Shape mismatch in layer #1 (named stem_conv)for weight stem_conv/kernel. Weight expects shape (3, 3, 1, 40). Received saved weight with shape (3, 3, 3, 40)
