2026-04-14 23:38:26.568263: I tensorflow/core/util/port.cc:153] oneDNN custom operations are on. You may see slightly different numerical results due to floating-point round-off errors from different computation orders. To turn them off, set the environment variable `TF_ENABLE_ONEDNN_OPTS=0`.
2026-04-14 23:38:26.745329: E external/local_xla/xla/stream_executor/cuda/cuda_fft.cc:467] Unable to register cuFFT factory: Attempting to register factory for plugin cuFFT when one has already been registered
WARNING: All log messages before absl::InitializeLog() is called are written to STDERR
E0000 00:00:1776202706.770636  525246 cuda_dnn.cc:8579] Unable to register cuDNN factory: Attempting to register factory for plugin cuDNN when one has already been registered
E0000 00:00:1776202706.776297  525246 cuda_blas.cc:1407] Unable to register cuBLAS factory: Attempting to register factory for plugin cuBLAS when one has already been registered
W0000 00:00:1776202706.789536  525246 computation_placer.cc:177] computation placer already registered. Please check linkage and avoid linking the same target more than once.
W0000 00:00:1776202706.789573  525246 computation_placer.cc:177] computation placer already registered. Please check linkage and avoid linking the same target more than once.
W0000 00:00:1776202706.789577  525246 computation_placer.cc:177] computation placer already registered. Please check linkage and avoid linking the same target more than once.
W0000 00:00:1776202706.789580  525246 computation_placer.cc:177] computation placer already registered. Please check linkage and avoid linking the same target more than once.
2026-04-14 23:38:26.793657: I tensorflow/core/platform/cpu_feature_guard.cc:210] This TensorFlow binary is optimized to use available CPU instructions in performance-critical operations.
To enable the following instructions: SSE4.1 SSE4.2 AVX AVX2 AVX512F AVX512_VNNI AVX512_BF16 FMA, in other operations, rebuild TensorFlow with the appropriate compiler flags.
I0000 00:00:1776202749.761558  525246 gpu_device.cc:2019] Created device /job:localhost/replica:0/task:0/device:GPU:0 with 43695 MB memory:  -> device: 0, name: NVIDIA A40, pci bus id: 0000:01:00.0, compute capability: 8.6
2026-04-14 23:49:25.851610: I tensorflow/core/framework/local_rendezvous.cc:407] Local rendezvous is aborting with status: OUT_OF_RANGE: End of sequence
2026-04-14 23:49:26.445858: E tensorflow/core/util/util.cc:131] oneDNN supports DT_HALF only on platforms with AVX-512. Falling back to the default Eigen-based implementation if present.
Traceback (most recent call last):
  File "/home/jcabrera@caos.uc3m.es/tfg-jimena/EfficientNet_train_augmentation.py", line 190, in <module>
    base_model = EfficientNetB3(
                 ^^^^^^^^^^^^^^^
  File "/opt/anaconda3/lib/python3.12/site-packages/keras/src/applications/efficientnet.py", line 670, in EfficientNetB3
    return EfficientNet(
           ^^^^^^^^^^^^^
  File "/opt/anaconda3/lib/python3.12/site-packages/keras/src/applications/efficientnet.py", line 434, in EfficientNet
    model.load_weights(weights_path)
  File "/opt/anaconda3/lib/python3.12/site-packages/keras/src/utils/traceback_utils.py", line 122, in error_handler
    raise e.with_traceback(filtered_tb) from None
  File "/opt/anaconda3/lib/python3.12/site-packages/keras/src/legacy/saving/legacy_h5_format.py", line 447, in _set_weights
    raise ValueError(
ValueError: Shape mismatch in layer #1 (named stem_conv)for weight stem_conv/kernel. Weight expects shape (3, 3, 1, 40). Received saved weight with shape (3, 3, 3, 40)
